Ansys Lumerical 2020 R2 FDTD Solver Version 8.24.2387 (Windows 64bit)
 expires (month/day/year): 12/31/2035
using config file: Ansys Licensing set with ANSYSLMD_LICENSE_FILE
license host: 
current time: Tue Aug 13 22:19:12 2024
Running on host: DESKTOP-QACDIRP
host available memory (GB): 0.632852
All processes are communicating and ready to proceed to simulation...
Running fsp file: C:\Program Files\Lumerical\v202\bin\fdtd-engine-msmpi.exe -t 1 -remote D:/code/lumapi/goldSphere.fsp
number of processors is 8
processors are distributed as: 2x2x2
Running 3D Simulation
Starting meshing
Simulation size in gridpoints: 57 x 57 x 57
Refined 0 mesh cells (0%)
Completed meshing!
Meshing complete in 0.21875 seconds of CPU time
47424 47424
Starting meshing
Simulation size in gridpoints: 57 x 57 x 57
Refined 0 mesh cells (0%)
Completed meshing!
Meshing complete in 0.296875 seconds of CPU time
49056 49056
Starting meshing
Simulation size in gridpoints: 57 x 57 x 57
Refined 0 mesh cells (0%)
Completed meshing!
Meshing complete in 0.1875 seconds of CPU time
49056 49056
finished material properties
Meshing Time: 0.857924 seconds, Init Electrical Material Time: 0.205057 seconds, Init Magnetic Material Time: 0.00106
Using selected optimization level: 2
Selecting 3d kernel for splitFieldDirection=0 and optLevel=2
-----------------------------------------
Beginning initialization of 3D Simulation
Starting to add sources to simulation
Adding 3D TFSF source propagating in X
snapPEC is a duplicate key.
Starting meshing
Simulation size in gridpoints: 243 x 3 x 3
Refined 0 mesh cells (0%)
Completed meshing!
Meshing complete in 0 seconds of CPU time
0 0
Starting meshing
Simulation size in gridpoints: 243 x 3 x 3
Refined 0 mesh cells (0%)
Completed meshing!
Meshing complete in 0 seconds of CPU time
0 0
Starting meshing
Simulation size in gridpoints: 243 x 3 x 3
Refined 0 mesh cells (0%)
Completed meshing!
Meshing complete in 0 seconds of CPU time
0 0
finished material properties
Meshing Time: 0.005335 seconds, Init Electrical Material Time: 0.000549 seconds, Init Magnetic Material Time: 1.33e-05
Using selected optimization level: 2
Selecting 3d kernel for splitFieldDirection=0 and optLevel=2
Starting to add boundary conditions to simulation
Adding 3D PML BC
Adding 3D Parallel BC
Adding 3D PML BC
Adding 3D Parallel BC
Adding 3D PML BC
Adding 3D Parallel BC
Starting to add monitors to Simulation
Adding analysis monitor
Adding 3D movie monitor
Adding 3D DFT monitor
Finished initialization of 3D Simulation
-----------------------------------------
All processes are communicating and ready to proceed to simulation...
Starting 104900 total iterations
0.0305052% complete. Max time remaining: 3 hrs, 25 mins, 43 secs. Auto Shutoff: 1
1.05243% complete. Max time remaining: 1 hr, 30 mins, 25 secs. Auto Shutoff: 1
2.0591% complete. Max time remaining: 1 hr, 18 mins, 19 secs. Auto Shutoff: 1
3.08865% complete. Max time remaining: 1 hr, 23 mins, 41 secs. Auto Shutoff: 1
4.09532% complete. Max time remaining: 1 hr, 29 mins, 20 secs. Auto Shutoff: 0.000503289
5.10199% complete. Max time remaining: 1 hr, 29 mins, 6 secs. Auto Shutoff: 0.000140455
6.10867% complete. Max time remaining: 1 hr, 31 mins, 29 secs. Auto Shutoff: 1.83052e-05
100% complete. Max time remaining: 0 mins, 0 secs. Auto Shutoff: 8.62401e-06
Early termination of simulation, the autoshutoff criteria are satisfied.
Completed 6993 iterations, or 3.333170e-14s of Simulation Time
Process 0 starting to collect data
    collecting monitor data
    collecting source data
snapPEC is a duplicate key.
Starting meshing
Simulation size in gridpoints: 243 x 3 x 3
Refined 0 mesh cells (0.000000e+00%)
Completed meshing!
Meshing complete in 0.000000e+00 seconds of CPU time
0 0
Starting meshing
Simulation size in gridpoints: 243 x 3 x 3
Refined 0 mesh cells (0.000000e+00%)
Completed meshing!
Meshing complete in 0.000000e+00 seconds of CPU time
0 0
Starting meshing
Simulation size in gridpoints: 243 x 3 x 3
Refined 0 mesh cells (0.000000e+00%)
Completed meshing!
Meshing complete in 0.000000e+00 seconds of CPU time
0 0
finished material properties
Meshing Time: 2.888800e-03 seconds, Init Electrical Material Time: 4.488000e-04 seconds, Init Magnetic Material Time: 1.200000e-05
Using selected optimization level: 0
Selecting 3d kernel for splitFieldDirection=0 and optLevel=0
Finished collecting data
Simulation completed successfully at: Tue Aug 13 22:25:54 2024
Overall wall time measurements in seconds: 415.889
    time to mesh and initialize: 1.84866
    time to run FDTD simulation: 399.265
    time to checkpoint simulation: 8e-07
    time to finalize data and save to files: 0.0862589
    miscellaneous time: 14.6889
    FDTD solver speed on process 0: 3.2436 Mnodes/s
    total FDTD solver speed on 8 processes: 25.9488 Mnodes/s
